
Showing logs for build [32mcb-kubecd-environment-pr-86-7-b-jvdsv-1[0m stage [32mfrom-build-pack[0m and container [32mstep-credential-initializer-bpc9r[0m
{"level":"warn","ts":1574879916.5054023,"logger":"fallback-logger","caller":"logging/config.go:69","msg":"Fetch GitHub commit ID from kodata failed: \"ref: refs/heads/master\" is not a valid GitHub commit ID"}
{"level":"info","ts":1574879916.5080452,"logger":"fallback-logger","caller":"creds-init/main.go:40","msg":"Credentials initialized."}

Showing logs for build [32mcb-kubecd-environment-pr-86-7-b-jvdsv-1[0m stage [32mfrom-build-pack[0m and container [32mstep-working-dir-initializer-7b8sr[0m
{"level":"warn","ts":1574879917.4840217,"logger":"fallback-logger","caller":"logging/config.go:69","msg":"Fetch GitHub commit ID from kodata failed: open /var/run/ko/HEAD: no such file or directory"}
{"level":"info","ts":1574879917.4860969,"logger":"fallback-logger","caller":"bash/main.go:65","msg":"Successfully executed command \"mkdir -p /workspace/source\""}

Showing logs for build [32mcb-kubecd-environment-pr-86-7-b-jvdsv-1[0m stage [32mfrom-build-pack[0m and container [32mstep-place-tools[0m

Showing logs for build [32mcb-kubecd-environment-pr-86-7-b-jvdsv-1[0m stage [32mfrom-build-pack[0m and container [32mstep-git-source-cb-kubecd-environment-pr-86-7-b-h2jvz[0m
{"level":"warn","ts":1574879923.4963028,"logger":"fallback-logger","caller":"logging/config.go:69","msg":"Fetch GitHub commit ID from kodata failed: \"ref: refs/heads/master\" is not a valid GitHub commit ID"}
{"level":"info","ts":1574879924.7066154,"logger":"fallback-logger","caller":"git/git.go:102","msg":"Successfully cloned https://github.com/cb-kubecd/environment-pr-86-7-boot-gke-staging.git @ master in path /workspace/source"}

Showing logs for build [32mcb-kubecd-environment-pr-86-7-b-jvdsv-1[0m stage [32mfrom-build-pack[0m and container [32mstep-git-merge[0m
Using SHAs from PULL_REFS=master:d287d811808bed175e9650544fb6fb7b559ee89a,5:b53733f777f51f7b871bc88095c1ab9584f9feaa
DEBUG: ran git fetch --unshallow origin b53733f777f51f7b871bc88095c1ab9584f9feaa: d287d811808bed175e9650544fb6fb7b559ee89a: in 
DEBUG: ran git checkout master in 
DEBUG: ran git reset --hard d287d811808bed175e9650544fb6fb7b559ee89a in 
DEBUG: ran clean --force -d . in 
DEBUG: ran git merge b53733f777f51f7b871bc88095c1ab9584f9feaa in 
Merged SHA b53733f777f51f7b871bc88095c1ab9584f9feaa with commit message 'chore: Promote bdd-sbrp-import-1574879559 to version 0.0.1' into base branch master

Showing logs for build [32mcb-kubecd-environment-pr-86-7-b-jvdsv-1[0m stage [32mfrom-build-pack[0m and container [32mstep-build-helm-build[0m
WARNING: No $CHART_REPOSITORY defined so using the default value of: http://jenkins-x-chartmuseum:8080
Adding missing Helm repo: storage.googleapis.com https://storage.googleapis.com/chartmuseum.jenkins-x.io
Read credentials for https://storage.googleapis.com/chartmuseum.jenkins-x.io from vault helm/repos
Successfully added Helm repository storage.googleapis.com.
Adding missing Helm repo: jenkins-x-chartmuseum http://jenkins-x-chartmuseum:8080
Read credentials for http://jenkins-x-chartmuseum:8080 from vault helm/repos
Successfully added Helm repository jenkins-x-chartmuseum.
WARNING: No $CHART_REPOSITORY defined so using the default value of: http://jenkins-x-chartmuseum:8080
Adding missing Helm repo: chartmuseum.jenkins-x.io http://chartmuseum.jenkins-x.io
Read credentials for http://chartmuseum.jenkins-x.io from vault helm/repos
Successfully added Helm repository chartmuseum.jenkins-x.io.
