
Showing logs for build [32mcb-kubecd-environment-pr-86-7-b-2dgsj-1[0m stage [32mfrom-build-pack[0m and container [32mstep-credential-initializer-jrcsl[0m
{"level":"warn","ts":1574876523.106222,"logger":"fallback-logger","caller":"logging/config.go:69","msg":"Fetch GitHub commit ID from kodata failed: \"ref: refs/heads/master\" is not a valid GitHub commit ID"}
{"level":"info","ts":1574876523.1070695,"logger":"fallback-logger","caller":"creds-init/main.go:40","msg":"Credentials initialized."}

Showing logs for build [32mcb-kubecd-environment-pr-86-7-b-2dgsj-1[0m stage [32mfrom-build-pack[0m and container [32mstep-working-dir-initializer-2krhj[0m
{"level":"warn","ts":1574876524.4862309,"logger":"fallback-logger","caller":"logging/config.go:69","msg":"Fetch GitHub commit ID from kodata failed: open /var/run/ko/HEAD: no such file or directory"}
{"level":"info","ts":1574876524.488028,"logger":"fallback-logger","caller":"bash/main.go:65","msg":"Successfully executed command \"mkdir -p /workspace/source\""}

Showing logs for build [32mcb-kubecd-environment-pr-86-7-b-2dgsj-1[0m stage [32mfrom-build-pack[0m and container [32mstep-place-tools[0m

Showing logs for build [32mcb-kubecd-environment-pr-86-7-b-2dgsj-1[0m stage [32mfrom-build-pack[0m and container [32mstep-git-source-cb-kubecd-environment-pr-86-7-b-8zmxl[0m
{"level":"warn","ts":1574876528.5865998,"logger":"fallback-logger","caller":"logging/config.go:69","msg":"Fetch GitHub commit ID from kodata failed: \"ref: refs/heads/master\" is not a valid GitHub commit ID"}
{"level":"info","ts":1574876529.7292016,"logger":"fallback-logger","caller":"git/git.go:102","msg":"Successfully cloned https://github.com/cb-kubecd/environment-pr-86-7-boot-gke-staging.git @ master in path /workspace/source"}

Showing logs for build [32mcb-kubecd-environment-pr-86-7-b-2dgsj-1[0m stage [32mfrom-build-pack[0m and container [32mstep-git-merge[0m
Using SHAs from PULL_REFS=master:f1dfac2b1fbafb71fdce594893283dfa62b11119,1:e956dce58e9145a61da03508d62b826719fb9f21
DEBUG: ran git fetch --unshallow origin e956dce58e9145a61da03508d62b826719fb9f21: f1dfac2b1fbafb71fdce594893283dfa62b11119: in 
DEBUG: ran git checkout master in 
DEBUG: ran git reset --hard f1dfac2b1fbafb71fdce594893283dfa62b11119 in 
DEBUG: ran clean --force -d . in 
DEBUG: ran git merge e956dce58e9145a61da03508d62b826719fb9f21 in 
Merged SHA e956dce58e9145a61da03508d62b826719fb9f21 with commit message 'chore: Promote bdd-spring-1574876209 to version 0.0.1' into base branch master

Showing logs for build [32mcb-kubecd-environment-pr-86-7-b-2dgsj-1[0m stage [32mfrom-build-pack[0m and container [32mstep-build-helm-build[0m
WARNING: No $CHART_REPOSITORY defined so using the default value of: http://jenkins-x-chartmuseum:8080
Adding missing Helm repo: storage.googleapis.com https://storage.googleapis.com/chartmuseum.jenkins-x.io
Read credentials for https://storage.googleapis.com/chartmuseum.jenkins-x.io from vault helm/repos
Successfully added Helm repository storage.googleapis.com.
Adding missing Helm repo: jenkins-x-chartmuseum http://jenkins-x-chartmuseum:8080
Read credentials for http://jenkins-x-chartmuseum:8080 from vault helm/repos
Successfully added Helm repository jenkins-x-chartmuseum.
WARNING: No $CHART_REPOSITORY defined so using the default value of: http://jenkins-x-chartmuseum:8080
Adding missing Helm repo: chartmuseum.jenkins-x.io http://chartmuseum.jenkins-x.io
Read credentials for http://chartmuseum.jenkins-x.io from vault helm/repos
Successfully added Helm repository chartmuseum.jenkins-x.io.
