
Showing logs for build [32mcb-kubecd-environment-pr-86-7-b-l7ttn-1[0m stage [32mfrom-build-pack[0m and container [32mstep-credential-initializer-qpz6j[0m
{"level":"warn","ts":1574880884.1610053,"logger":"fallback-logger","caller":"logging/config.go:69","msg":"Fetch GitHub commit ID from kodata failed: \"ref: refs/heads/master\" is not a valid GitHub commit ID"}
{"level":"info","ts":1574880884.1632626,"logger":"fallback-logger","caller":"creds-init/main.go:40","msg":"Credentials initialized."}

Showing logs for build [32mcb-kubecd-environment-pr-86-7-b-l7ttn-1[0m stage [32mfrom-build-pack[0m and container [32mstep-working-dir-initializer-8cxg8[0m
{"level":"warn","ts":1574880885.164562,"logger":"fallback-logger","caller":"logging/config.go:69","msg":"Fetch GitHub commit ID from kodata failed: open /var/run/ko/HEAD: no such file or directory"}
{"level":"info","ts":1574880885.1696625,"logger":"fallback-logger","caller":"bash/main.go:65","msg":"Successfully executed command \"mkdir -p /workspace/source\""}

Showing logs for build [32mcb-kubecd-environment-pr-86-7-b-l7ttn-1[0m stage [32mfrom-build-pack[0m and container [32mstep-place-tools[0m

Showing logs for build [32mcb-kubecd-environment-pr-86-7-b-l7ttn-1[0m stage [32mfrom-build-pack[0m and container [32mstep-git-source-cb-kubecd-environment-pr-86-7-b-tlhz8[0m
{"level":"warn","ts":1574880891.3354933,"logger":"fallback-logger","caller":"logging/config.go:69","msg":"Fetch GitHub commit ID from kodata failed: \"ref: refs/heads/master\" is not a valid GitHub commit ID"}
{"level":"info","ts":1574880892.492939,"logger":"fallback-logger","caller":"git/git.go:102","msg":"Successfully cloned https://github.com/cb-kubecd/environment-pr-86-7-boot-gke-staging.git @ master in path /workspace/source"}

Showing logs for build [32mcb-kubecd-environment-pr-86-7-b-l7ttn-1[0m stage [32mfrom-build-pack[0m and container [32mstep-git-merge[0m
Using SHAs from PULL_REFS=master:16fd712209a0f106d970a92f30730d2fdf69fea6,7:cfea6b84e7f64a8b7250790dc5f333d67e1640cd
DEBUG: ran git fetch --unshallow origin cfea6b84e7f64a8b7250790dc5f333d67e1640cd: 16fd712209a0f106d970a92f30730d2fdf69fea6: in 
DEBUG: ran git checkout master in 
DEBUG: ran git reset --hard 16fd712209a0f106d970a92f30730d2fdf69fea6 in 
DEBUG: ran clean --force -d . in 
DEBUG: ran git merge cfea6b84e7f64a8b7250790dc5f333d67e1640cd in 
Merged SHA cfea6b84e7f64a8b7250790dc5f333d67e1640cd with commit message 'chore: Promote bdd-sbhg-import-1574879559 to version 0.0.1' into base branch master

Showing logs for build [32mcb-kubecd-environment-pr-86-7-b-l7ttn-1[0m stage [32mfrom-build-pack[0m and container [32mstep-build-helm-build[0m
WARNING: No $CHART_REPOSITORY defined so using the default value of: http://jenkins-x-chartmuseum:8080
Adding missing Helm repo: storage.googleapis.com https://storage.googleapis.com/chartmuseum.jenkins-x.io
Read credentials for https://storage.googleapis.com/chartmuseum.jenkins-x.io from vault helm/repos
Successfully added Helm repository storage.googleapis.com.
Adding missing Helm repo: jenkins-x-chartmuseum http://jenkins-x-chartmuseum:8080
Read credentials for http://jenkins-x-chartmuseum:8080 from vault helm/repos
Successfully added Helm repository jenkins-x-chartmuseum.
WARNING: No $CHART_REPOSITORY defined so using the default value of: http://jenkins-x-chartmuseum:8080
Adding missing Helm repo: chartmuseum.jenkins-x.io http://chartmuseum.jenkins-x.io
Read credentials for http://chartmuseum.jenkins-x.io from vault helm/repos
Successfully added Helm repository chartmuseum.jenkins-x.io.
